<?xml version="1.0" encoding="UTF-8"?>
<!-- Generated by org.testng.reporters.JUnitReportReporter -->
<testsuite skipped="0" hostname="DESKTOP-C5HHGRT" name="technoTutorsQaTests.HomePageTest" tests="10" failures="0" timestamp="2020-03-05T12:06:29 EST" time="205.981" errors="0">
  <testcase name="titletest" time="18.369" classname="technoTutorsQaTests.HomePageTest"/>
  <system-out/>
  <testcase name="AboutusTest" time="33.655" classname="technoTutorsQaTests.HomePageTest"/>
  <system-out/>
  <testcase name="Subjects" time="30.690" classname="technoTutorsQaTests.HomePageTest"/>
  <system-out/>
  <testcase name="moremaths" time="17.823" classname="technoTutorsQaTests.HomePageTest"/>
  <system-out/>
  <testcase name="moreenglish" time="19.275" classname="technoTutorsQaTests.HomePageTest"/>
  <system-out/>
  <testcase name="morefrench" time="16.010" classname="technoTutorsQaTests.HomePageTest"/>
  <system-out/>
  <testcase name="tutor" time="17.203" classname="technoTutorsQaTests.HomePageTest"/>
  <system-out/>
  <testcase name="tutor" time="18.042" classname="technoTutorsQaTests.HomePageTest"/>
  <system-out/>
  <testcase name="tutor" time="18.849" classname="technoTutorsQaTests.HomePageTest"/>
  <system-out/>
  <testcase name="tutor" time="16.065" classname="technoTutorsQaTests.HomePageTest"/>
  <system-out/>
</testsuite> <!-- technoTutorsQaTests.HomePageTest -->
