<?xml version="1.0" encoding="UTF-8"?>
<!-- Generated by org.testng.reporters.JUnitReportReporter -->
<testsuite skipped="0" hostname="DESKTOP-C5HHGRT" name="technoTutorsQaTests.AboutUsTest" tests="5" failures="0" timestamp="2020-03-19T23:04:29 EDT" time="149.838" errors="0">
  <testcase name="titlecheck" time="30.737" classname="technoTutorsQaTests.AboutUsTest"/>
  <system-out/>
  <testcase name="contactus" time="35.473" classname="technoTutorsQaTests.AboutUsTest"/>
  <system-out/>
  <testcase name="contactus" time="22.256" classname="technoTutorsQaTests.AboutUsTest"/>
  <system-out/>
  <testcase name="contactus" time="31.023" classname="technoTutorsQaTests.AboutUsTest"/>
  <system-out/>
  <testcase name="contactus" time="30.349" classname="technoTutorsQaTests.AboutUsTest"/>
  <system-out/>
</testsuite> <!-- technoTutorsQaTests.AboutUsTest -->
