<?xml version="1.0" encoding="UTF-8"?>
<!-- Generated by org.testng.reporters.JUnitReportReporter -->
<testsuite skipped="0" hostname="DESKTOP-C5HHGRT" name="technoTutorsQaTests.CartTest" tests="1" failures="0" timestamp="2020-03-20T12:50:20 EDT" time="36.606" errors="0">
  <testcase name="Checkout" time="36.606" classname="technoTutorsQaTests.CartTest"/>
  <system-out/>
</testsuite> <!-- technoTutorsQaTests.CartTest -->
