<?xml version="1.0" encoding="UTF-8"?>
<!-- Generated by org.testng.reporters.JUnitReportReporter -->
<testsuite skipped="0" hostname="DESKTOP-C5HHGRT" name="technoTutorsQaTests.CartTest" tests="1" failures="0" timestamp="2020-03-26T15:56:29 EDT" time="37.870" errors="0">
  <testcase name="placeOrder" time="37.870" classname="technoTutorsQaTests.CartTest"/>
  <system-out/>
</testsuite> <!-- technoTutorsQaTests.CartTest -->
