<?xml version="1.0" encoding="UTF-8"?>
<!-- Generated by org.testng.reporters.JUnitReportReporter -->
<testsuite skipped="0" hostname="DESKTOP-C5HHGRT" name="technoTutorsQaTests.HomePageTest" tests="11" failures="0" timestamp="2020-03-19T23:04:29 EDT" time="246.855" errors="0">
  <testcase name="logotest" time="17.704" classname="technoTutorsQaTests.HomePageTest"/>
  <system-out/>
  <testcase name="titletest" time="16.100" classname="technoTutorsQaTests.HomePageTest"/>
  <system-out/>
  <testcase name="AboutusTest" time="38.505" classname="technoTutorsQaTests.HomePageTest"/>
  <system-out/>
  <testcase name="Subjects" time="31.427" classname="technoTutorsQaTests.HomePageTest"/>
  <system-out/>
  <testcase name="moremaths" time="20.441" classname="technoTutorsQaTests.HomePageTest"/>
  <system-out/>
  <testcase name="moreenglish" time="20.493" classname="technoTutorsQaTests.HomePageTest"/>
  <system-out/>
  <testcase name="morefrench" time="19.389" classname="technoTutorsQaTests.HomePageTest"/>
  <system-out/>
  <testcase name="tutor" time="18.903" classname="technoTutorsQaTests.HomePageTest"/>
  <system-out/>
  <testcase name="tutor" time="23.380" classname="technoTutorsQaTests.HomePageTest"/>
  <system-out/>
  <testcase name="tutor" time="23.258" classname="technoTutorsQaTests.HomePageTest"/>
  <system-out/>
  <testcase name="tutor" time="17.255" classname="technoTutorsQaTests.HomePageTest"/>
  <system-out/>
</testsuite> <!-- technoTutorsQaTests.HomePageTest -->
