<?xml version="1.0" encoding="UTF-8"?>
<!-- Generated by org.testng.reporters.JUnitReportReporter -->
<testsuite skipped="0" hostname="DESKTOP-C5HHGRT" name="technoTutorsQaTests.AboutUsTest" tests="1" failures="0" timestamp="2020-03-15T16:05:46 EDT" time="26.249" errors="0">
  <testcase name="titlecheck" time="26.249" classname="technoTutorsQaTests.AboutUsTest"/>
  <system-out/>
</testsuite> <!-- technoTutorsQaTests.AboutUsTest -->
