<?xml version="1.0" encoding="UTF-8"?>
<!-- Generated by org.testng.reporters.JUnitReportReporter -->
<testsuite skipped="0" hostname="DESKTOP-C5HHGRT" name="technoTutorsQaTests.HomePageTest" tests="11" failures="0" timestamp="2020-03-17T11:20:44 EDT" time="254.689" errors="0">
  <testcase name="logotest" time="19.749" classname="technoTutorsQaTests.HomePageTest"/>
  <system-out/>
  <testcase name="titletest" time="16.445" classname="technoTutorsQaTests.HomePageTest"/>
  <system-out/>
  <testcase name="AboutusTest" time="40.122" classname="technoTutorsQaTests.HomePageTest"/>
  <system-out/>
  <testcase name="Subjects" time="32.012" classname="technoTutorsQaTests.HomePageTest"/>
  <system-out/>
  <testcase name="moremaths" time="21.506" classname="technoTutorsQaTests.HomePageTest"/>
  <system-out/>
  <testcase name="moreenglish" time="23.099" classname="technoTutorsQaTests.HomePageTest"/>
  <system-out/>
  <testcase name="morefrench" time="27.917" classname="technoTutorsQaTests.HomePageTest"/>
  <system-out/>
  <testcase name="tutor" time="15.679" classname="technoTutorsQaTests.HomePageTest"/>
  <system-out/>
  <testcase name="tutor" time="21.674" classname="technoTutorsQaTests.HomePageTest"/>
  <system-out/>
  <testcase name="tutor" time="17.602" classname="technoTutorsQaTests.HomePageTest"/>
  <system-out/>
  <testcase name="tutor" time="18.884" classname="technoTutorsQaTests.HomePageTest"/>
  <system-out/>
</testsuite> <!-- technoTutorsQaTests.HomePageTest -->
