<?xml version="1.0" encoding="UTF-8"?>
<!-- Generated by org.testng.reporters.JUnitReportReporter -->
<testsuite skipped="0" hostname="DESKTOP-C5HHGRT" name="technoTutorsQaTests.ContactUsTest" tests="6" failures="0" timestamp="2020-03-19T23:04:29 EDT" time="124.755" errors="0">
  <testcase name="titlecheck" time="22.628" classname="technoTutorsQaTests.ContactUsTest"/>
  <system-out/>
  <testcase name="logo" time="21.095" classname="technoTutorsQaTests.ContactUsTest"/>
  <system-out/>
  <testcase name="adress" time="18.776" classname="technoTutorsQaTests.ContactUsTest"/>
  <system-out/>
  <testcase name="technotext" time="22.344" classname="technoTutorsQaTests.ContactUsTest"/>
  <system-out/>
  <testcase name="emailtext" time="19.441" classname="technoTutorsQaTests.ContactUsTest"/>
  <system-out/>
  <testcase name="phonetext" time="20.471" classname="technoTutorsQaTests.ContactUsTest"/>
  <system-out/>
</testsuite> <!-- technoTutorsQaTests.ContactUsTest -->
