<?xml version="1.0" encoding="UTF-8"?>
<!-- Generated by org.testng.reporters.JUnitReportReporter -->
<testsuite skipped="1" hostname="DESKTOP-C5HHGRT" name="technoTutorsQaTests.HomePageTest" tests="2" failures="0" timestamp="2020-03-25T17:44:48 EDT" time="18.967" errors="0">
  <testcase name="logotest" time="18.967" classname="technoTutorsQaTests.HomePageTest"/>
  <system-out/>
  <testcase name="tutor" time="0.000" classname="technoTutorsQaTests.HomePageTest">
    <skipped/>
  </testcase> <!-- tutor -->
  <system-out/>
</testsuite> <!-- technoTutorsQaTests.HomePageTest -->
