<?xml version="1.0" encoding="UTF-8"?>
<!-- Generated by org.testng.reporters.JUnitReportReporter -->
<testsuite skipped="0" hostname="DESKTOP-C5HHGRT" name="technoTutorsQaTests.CartTest" tests="1" failures="0" timestamp="2020-03-21T20:36:56 EDT" time="74.982" errors="0">
  <testcase name="Checkout" time="74.982" classname="technoTutorsQaTests.CartTest"/>
  <system-out/>
</testsuite> <!-- technoTutorsQaTests.CartTest -->
