<?xml version="1.0" encoding="UTF-8"?>
<!-- Generated by org.testng.reporters.JUnitReportReporter -->
<testsuite skipped="0" hostname="DESKTOP-C5HHGRT" name="technoTutorsQaTests.SubjectAreaTest" tests="12" failures="0" timestamp="2020-03-19T23:04:29 EDT" time="318.984" errors="0">
  <testcase name="titlecheck" time="21.928" classname="technoTutorsQaTests.SubjectAreaTest"/>
  <system-out/>
  <testcase name="Logocheck" time="17.883" classname="technoTutorsQaTests.SubjectAreaTest"/>
  <system-out/>
  <testcase name="bookamathtutorlearner" time="26.657" classname="technoTutorsQaTests.SubjectAreaTest"/>
  <system-out/>
  <testcase name="bookamathtutoracadamic" time="31.349" classname="technoTutorsQaTests.SubjectAreaTest"/>
  <system-out/>
  <testcase name="learnerandacadamicmath" time="26.630" classname="technoTutorsQaTests.SubjectAreaTest"/>
  <system-out/>
  <testcase name="bookenglishtutorlearner" time="34.580" classname="technoTutorsQaTests.SubjectAreaTest"/>
  <system-out/>
  <testcase name="bookenglishtutoracadamic" time="26.118" classname="technoTutorsQaTests.SubjectAreaTest"/>
  <system-out/>
  <testcase name="learnerandacadamicenglish" time="30.550" classname="technoTutorsQaTests.SubjectAreaTest"/>
  <system-out/>
  <testcase name="bookfrenchtutorlearner" time="28.239" classname="technoTutorsQaTests.SubjectAreaTest"/>
  <system-out/>
  <testcase name="bookefrenchtutoracadamic" time="24.796" classname="technoTutorsQaTests.SubjectAreaTest"/>
  <system-out/>
  <testcase name="learnerandacadamicfrench" time="27.570" classname="technoTutorsQaTests.SubjectAreaTest"/>
  <system-out/>
  <testcase name="cotactUS" time="22.684" classname="technoTutorsQaTests.SubjectAreaTest"/>
  <system-out/>
</testsuite> <!-- technoTutorsQaTests.SubjectAreaTest -->
