<?xml version="1.0" encoding="UTF-8"?>
<!-- Generated by org.testng.reporters.JUnitReportReporter -->
<testsuite skipped="0" hostname="DESKTOP-C5HHGRT" name="technoTutorsQaTests.CartTest" tests="1" failures="0" timestamp="2020-03-25T23:04:27 EDT" time="40.817" errors="0">
  <testcase name="returningstudent" time="40.817" classname="technoTutorsQaTests.CartTest"/>
  <system-out/>
</testsuite> <!-- technoTutorsQaTests.CartTest -->
