<?xml version="1.0" encoding="UTF-8"?>
<!-- Generated by org.testng.reporters.JUnitReportReporter -->
<testsuite skipped="0" hostname="DESKTOP-C5HHGRT" name="technoTutorsQaTests.ContactUsTest" tests="6" failures="0" timestamp="2020-03-17T12:06:18 EDT" time="126.550" errors="0">
  <testcase name="titlecheck" time="20.884" classname="technoTutorsQaTests.ContactUsTest"/>
  <system-out/>
  <testcase name="logo" time="20.539" classname="technoTutorsQaTests.ContactUsTest"/>
  <system-out/>
  <testcase name="adress" time="19.967" classname="technoTutorsQaTests.ContactUsTest"/>
  <system-out/>
  <testcase name="technotext" time="22.117" classname="technoTutorsQaTests.ContactUsTest"/>
  <system-out/>
  <testcase name="emailtext" time="17.832" classname="technoTutorsQaTests.ContactUsTest"/>
  <system-out/>
  <testcase name="phonetext" time="25.211" classname="technoTutorsQaTests.ContactUsTest"/>
  <system-out/>
</testsuite> <!-- technoTutorsQaTests.ContactUsTest -->
