<?xml version="1.0" encoding="UTF-8"?>
<!-- Generated by org.testng.reporters.JUnitReportReporter -->
<testsuite skipped="0" hostname="DESKTOP-C5HHGRT" name="technoTutorsQaTests.FacilityTestClass" tests="5" failures="0" timestamp="2020-03-16T15:09:18 EDT" time="102.301" errors="0">
  <testcase name="titlecheck" time="26.111" classname="technoTutorsQaTests.FacilityTestClass"/>
  <system-out/>
  <testcase name="contactus" time="19.883" classname="technoTutorsQaTests.FacilityTestClass"/>
  <system-out/>
  <testcase name="contactus" time="17.340" classname="technoTutorsQaTests.FacilityTestClass"/>
  <system-out/>
  <testcase name="contactus" time="19.428" classname="technoTutorsQaTests.FacilityTestClass"/>
  <system-out/>
  <testcase name="contactus" time="19.539" classname="technoTutorsQaTests.FacilityTestClass"/>
  <system-out/>
</testsuite> <!-- technoTutorsQaTests.FacilityTestClass -->
