<?xml version="1.0" encoding="UTF-8"?>
<!-- Generated by org.testng.reporters.JUnitReportReporter -->
<testsuite skipped="0" hostname="DESKTOP-C5HHGRT" name="technoTutorsQaTests.HomePageTest" tests="12" failures="0" timestamp="2020-03-25T21:17:58 EDT" time="269.446" errors="0">
  <testcase name="logotest" time="16.818" classname="technoTutorsQaTests.HomePageTest"/>
  <system-out/>
  <testcase name="titletest" time="18.283" classname="technoTutorsQaTests.HomePageTest"/>
  <system-out/>
  <testcase name="AboutusTest" time="36.126" classname="technoTutorsQaTests.HomePageTest"/>
  <system-out/>
  <testcase name="Subjects" time="20.770" classname="technoTutorsQaTests.HomePageTest"/>
  <system-out/>
  <testcase name="moremaths" time="19.585" classname="technoTutorsQaTests.HomePageTest"/>
  <system-out/>
  <testcase name="moreenglish" time="20.246" classname="technoTutorsQaTests.HomePageTest"/>
  <system-out/>
  <testcase name="morefrench" time="34.762" classname="technoTutorsQaTests.HomePageTest"/>
  <system-out/>
  <testcase name="errormessage" time="19.135" classname="technoTutorsQaTests.HomePageTest"/>
  <system-out/>
  <testcase name="tutor" time="17.287" classname="technoTutorsQaTests.HomePageTest"/>
  <system-out/>
  <testcase name="tutor" time="20.609" classname="technoTutorsQaTests.HomePageTest"/>
  <system-out/>
  <testcase name="tutor" time="23.156" classname="technoTutorsQaTests.HomePageTest"/>
  <system-out/>
  <testcase name="tutor" time="22.669" classname="technoTutorsQaTests.HomePageTest"/>
  <system-out/>
</testsuite> <!-- technoTutorsQaTests.HomePageTest -->
