<?xml version="1.0" encoding="UTF-8"?>
<!-- Generated by org.testng.reporters.JUnitReportReporter -->
<testsuite skipped="0" hostname="DESKTOP-C5HHGRT" name="technoTutorsQaTests.ContactUsTest" tests="2" failures="0" timestamp="2020-03-16T16:26:33 EDT" time="54.977" errors="0">
  <testcase name="titlecheck" time="31.315" classname="technoTutorsQaTests.ContactUsTest"/>
  <system-out/>
  <testcase name="textcheck" time="23.662" classname="technoTutorsQaTests.ContactUsTest"/>
  <system-out/>
</testsuite> <!-- technoTutorsQaTests.ContactUsTest -->
