<?xml version="1.0" encoding="UTF-8"?>
<!-- Generated by org.testng.reporters.JUnitReportReporter -->
<testsuite skipped="0" hostname="DESKTOP-C5HHGRT" name="technoTutorsQaTests.SubjectAreaTest" tests="11" failures="0" timestamp="2020-03-19T15:02:18 EDT" time="293.674" errors="0">
  <testcase name="learnerandacadamicfrench" time="28.782" classname="technoTutorsQaTests.SubjectAreaTest"/>
  <system-out/>
  <testcase name="bookefrenchtutoracadamic" time="25.336" classname="technoTutorsQaTests.SubjectAreaTest"/>
  <system-out/>
  <testcase name="titlecheck" time="22.554" classname="technoTutorsQaTests.SubjectAreaTest"/>
  <system-out/>
  <testcase name="Logocheck" time="21.473" classname="technoTutorsQaTests.SubjectAreaTest"/>
  <system-out/>
  <testcase name="bookamathtutorlearner" time="25.970" classname="technoTutorsQaTests.SubjectAreaTest"/>
  <system-out/>
  <testcase name="bookamathtutoracadamic" time="26.033" classname="technoTutorsQaTests.SubjectAreaTest"/>
  <system-out/>
  <testcase name="learnerandacadamicmath" time="28.656" classname="technoTutorsQaTests.SubjectAreaTest"/>
  <system-out/>
  <testcase name="bookenglishtutorlearner" time="26.100" classname="technoTutorsQaTests.SubjectAreaTest"/>
  <system-out/>
  <testcase name="bookenglishtutoracadamic" time="34.044" classname="technoTutorsQaTests.SubjectAreaTest"/>
  <system-out/>
  <testcase name="learnerandacadamicenglish" time="28.770" classname="technoTutorsQaTests.SubjectAreaTest"/>
  <system-out/>
  <testcase name="bookfrenchtutorlearner" time="25.956" classname="technoTutorsQaTests.SubjectAreaTest"/>
  <system-out/>
</testsuite> <!-- technoTutorsQaTests.SubjectAreaTest -->
