<?xml version="1.0" encoding="UTF-8"?>
<!-- Generated by org.testng.reporters.JUnitReportReporter -->
<testsuite skipped="0" hostname="DESKTOP-C5HHGRT" name="technoTutorsQaTests.AboutUsTest" tests="5" failures="0" timestamp="2020-03-17T11:46:08 EDT" time="117.851" errors="0">
  <testcase name="titlecheck" time="31.655" classname="technoTutorsQaTests.AboutUsTest"/>
  <system-out/>
  <testcase name="contactus" time="19.010" classname="technoTutorsQaTests.AboutUsTest"/>
  <system-out/>
  <testcase name="contactus" time="20.486" classname="technoTutorsQaTests.AboutUsTest"/>
  <system-out/>
  <testcase name="contactus" time="22.273" classname="technoTutorsQaTests.AboutUsTest"/>
  <system-out/>
  <testcase name="contactus" time="24.427" classname="technoTutorsQaTests.AboutUsTest"/>
  <system-out/>
</testsuite> <!-- technoTutorsQaTests.AboutUsTest -->
