<?xml version="1.0" encoding="UTF-8"?>
<!-- Generated by org.testng.reporters.JUnitReportReporter -->
<testsuite skipped="0" hostname="DESKTOP-C5HHGRT" name="technoTutorsQaTests.FacilityTestClass" tests="5" failures="0" timestamp="2020-03-19T23:04:29 EDT" time="100.758" errors="0">
  <testcase name="titlecheck" time="18.531" classname="technoTutorsQaTests.FacilityTestClass"/>
  <system-out/>
  <testcase name="contactus" time="21.626" classname="technoTutorsQaTests.FacilityTestClass"/>
  <system-out/>
  <testcase name="contactus" time="18.896" classname="technoTutorsQaTests.FacilityTestClass"/>
  <system-out/>
  <testcase name="contactus" time="21.935" classname="technoTutorsQaTests.FacilityTestClass"/>
  <system-out/>
  <testcase name="contactus" time="19.770" classname="technoTutorsQaTests.FacilityTestClass"/>
  <system-out/>
</testsuite> <!-- technoTutorsQaTests.FacilityTestClass -->
