<?xml version="1.0" encoding="UTF-8"?>
<!-- Generated by org.testng.reporters.JUnitReportReporter -->
<testsuite skipped="0" hostname="DESKTOP-C5HHGRT" name="technoTutorsQaTests.FacilityTestClass" tests="5" failures="0" timestamp="2020-03-17T11:48:21 EDT" time="106.684" errors="0">
  <testcase name="titlecheck" time="23.701" classname="technoTutorsQaTests.FacilityTestClass"/>
  <system-out/>
  <testcase name="contactus" time="23.000" classname="technoTutorsQaTests.FacilityTestClass"/>
  <system-out/>
  <testcase name="contactus" time="20.340" classname="technoTutorsQaTests.FacilityTestClass"/>
  <system-out/>
  <testcase name="contactus" time="19.719" classname="technoTutorsQaTests.FacilityTestClass"/>
  <system-out/>
  <testcase name="contactus" time="19.924" classname="technoTutorsQaTests.FacilityTestClass"/>
  <system-out/>
</testsuite> <!-- technoTutorsQaTests.FacilityTestClass -->
