<?xml version="1.0" encoding="UTF-8"?>
<!-- Generated by org.testng.reporters.JUnitReportReporter -->
<testsuite skipped="0" hostname="DESKTOP-C5HHGRT" name="technoTutorsQaTests.AboutUsTest" tests="5" failures="0" timestamp="2020-03-15T19:55:53 EDT" time="102.550" errors="0">
  <testcase name="titlecheck" time="24.850" classname="technoTutorsQaTests.AboutUsTest"/>
  <system-out/>
  <testcase name="contactus" time="17.764" classname="technoTutorsQaTests.AboutUsTest"/>
  <system-out/>
  <testcase name="contactus" time="22.331" classname="technoTutorsQaTests.AboutUsTest"/>
  <system-out/>
  <testcase name="contactus" time="18.182" classname="technoTutorsQaTests.AboutUsTest"/>
  <system-out/>
  <testcase name="contactus" time="19.423" classname="technoTutorsQaTests.AboutUsTest"/>
  <system-out/>
</testsuite> <!-- technoTutorsQaTests.AboutUsTest -->
